This file contains any messages produced by compilers while
running configure, to aid debugging if configure makes a mistake.

It was created by seecer configure 1.0, which was
generated by GNU Autoconf 2.69.  Invocation command line was

  $ ./configure 

## --------- ##
## Platform. ##
## --------- ##

hostname = srv-97-31
uname -m = x86_64
uname -r = 3.10.51.1.amd64-smp
uname -s = Linux
uname -v = #1 SMP Fri Aug 1 12:54:23 CEST 2014

/usr/bin/uname -p = unknown
/bin/uname -X     = unknown

/bin/arch              = unknown
/usr/bin/arch -k       = unknown
/usr/convex/getsysinfo = unknown
/usr/bin/hostinfo      = unknown
/bin/machine           = unknown
/usr/bin/oslevel       = unknown
/bin/universe          = unknown

PATH: /bin
PATH: /usr/bin
PATH: /sbin
PATH: /usr/sbin
PATH: /usr/local/bin
PATH: /usr/local/sbin


## ----------- ##
## Core tests. ##
## ----------- ##

configure:1927: checking for a BSD-compatible install
configure:1995: result: /usr/bin/install -c
configure:2006: checking whether build environment is sane
configure:2056: result: yes
configure:2197: checking for a thread-safe mkdir -p
configure:2236: result: /bin/mkdir -p
configure:2249: checking for gawk
configure:2265: found /usr/bin/gawk
configure:2276: result: gawk
configure:2287: checking whether make sets $(MAKE)
configure:2309: result: yes
configure:2453: checking for g++
configure:2469: found /usr/bin/g++
configure:2480: result: g++
configure:2507: checking for C++ compiler version
configure:2516: g++ --version >&5
g++ (Debian 4.7.2-5) 4.7.2
Copyright (C) 2012 Free Software Foundation, Inc.
This is free software; see the source for copying conditions.  There is NO
warranty; not even for MERCHANTABILITY or FITNESS FOR A PARTICULAR PURPOSE.

configure:2527: $? = 0
configure:2516: g++ -v >&5
Using built-in specs.
COLLECT_GCC=g++
COLLECT_LTO_WRAPPER=/usr/lib/gcc/x86_64-linux-gnu/4.7/lto-wrapper
Target: x86_64-linux-gnu
Configured with: ../src/configure -v --with-pkgversion='Debian 4.7.2-5' --with-bugurl=file:///usr/share/doc/gcc-4.7/README.Bugs --enable-languages=c,c++,go,fortran,objc,obj-c++ --prefix=/usr --program-suffix=-4.7 --enable-shared --enable-linker-build-id --with-system-zlib --libexecdir=/usr/lib --without-included-gettext --enable-threads=posix --with-gxx-include-dir=/usr/include/c++/4.7 --libdir=/usr/lib --enable-nls --with-sysroot=/ --enable-clocale=gnu --enable-libstdcxx-debug --enable-libstdcxx-time=yes --enable-gnu-unique-object --enable-plugin --enable-objc-gc --with-arch-32=i586 --with-tune=generic --enable-checking=release --build=x86_64-linux-gnu --host=x86_64-linux-gnu --target=x86_64-linux-gnu
Thread model: posix
gcc version 4.7.2 (Debian 4.7.2-5) 
configure:2527: $? = 0
configure:2516: g++ -V >&5
g++: error: unrecognized command line option '-V'
g++: fatal error: no input files
compilation terminated.
configure:2527: $? = 4
configure:2516: g++ -qversion >&5
g++: error: unrecognized command line option '-qversion'
g++: fatal error: no input files
compilation terminated.
configure:2527: $? = 4
configure:2547: checking whether the C++ compiler works
configure:2569: g++  -I/opt/local/include   -L/opt/local/lib conftest.cpp  >&5
configure:2573: $? = 0
configure:2621: result: yes
configure:2624: checking for C++ compiler default output file name
configure:2626: result: a.out
configure:2632: checking for suffix of executables
configure:2639: g++ -o conftest  -I/opt/local/include   -L/opt/local/lib conftest.cpp  >&5
configure:2643: $? = 0
configure:2665: result: 
configure:2687: checking whether we are cross compiling
configure:2695: g++ -o conftest  -I/opt/local/include   -L/opt/local/lib conftest.cpp  >&5
configure:2699: $? = 0
configure:2706: ./conftest
configure:2710: $? = 0
configure:2725: result: no
configure:2730: checking for suffix of object files
configure:2752: g++ -c  -I/opt/local/include  conftest.cpp >&5
configure:2756: $? = 0
configure:2777: result: o
configure:2781: checking whether we are using the GNU C++ compiler
configure:2800: g++ -c  -I/opt/local/include  conftest.cpp >&5
configure:2800: $? = 0
configure:2809: result: yes
configure:2818: checking whether g++ accepts -g
configure:2838: g++ -c -g  conftest.cpp >&5
configure:2838: $? = 0
configure:2879: result: yes
configure:2913: checking for style of include used by make
configure:2941: result: GNU
configure:2967: checking dependency style of g++
configure:3078: result: gcc3
configure:3147: checking for gcc
configure:3163: found /usr/bin/gcc
configure:3174: result: gcc
configure:3403: checking for C compiler version
configure:3412: gcc --version >&5
gcc (Debian 4.7.2-5) 4.7.2
Copyright (C) 2012 Free Software Foundation, Inc.
This is free software; see the source for copying conditions.  There is NO
warranty; not even for MERCHANTABILITY or FITNESS FOR A PARTICULAR PURPOSE.

configure:3423: $? = 0
configure:3412: gcc -v >&5
Using built-in specs.
COLLECT_GCC=gcc
COLLECT_LTO_WRAPPER=/usr/lib/gcc/x86_64-linux-gnu/4.7/lto-wrapper
Target: x86_64-linux-gnu
Configured with: ../src/configure -v --with-pkgversion='Debian 4.7.2-5' --with-bugurl=file:///usr/share/doc/gcc-4.7/README.Bugs --enable-languages=c,c++,go,fortran,objc,obj-c++ --prefix=/usr --program-suffix=-4.7 --enable-shared --enable-linker-build-id --with-system-zlib --libexecdir=/usr/lib --without-included-gettext --enable-threads=posix --with-gxx-include-dir=/usr/include/c++/4.7 --libdir=/usr/lib --enable-nls --with-sysroot=/ --enable-clocale=gnu --enable-libstdcxx-debug --enable-libstdcxx-time=yes --enable-gnu-unique-object --enable-plugin --enable-objc-gc --with-arch-32=i586 --with-tune=generic --enable-checking=release --build=x86_64-linux-gnu --host=x86_64-linux-gnu --target=x86_64-linux-gnu
Thread model: posix
gcc version 4.7.2 (Debian 4.7.2-5) 
configure:3423: $? = 0
configure:3412: gcc -V >&5
gcc: error: unrecognized command line option '-V'
gcc: fatal error: no input files
compilation terminated.
configure:3423: $? = 4
configure:3412: gcc -qversion >&5
gcc: error: unrecognized command line option '-qversion'
gcc: fatal error: no input files
compilation terminated.
configure:3423: $? = 4
configure:3427: checking whether we are using the GNU C compiler
configure:3446: gcc -c  -I/opt/local/include  conftest.c >&5
configure:3446: $? = 0
configure:3455: result: yes
configure:3464: checking whether gcc accepts -g
configure:3484: gcc -c -g  conftest.c >&5
configure:3484: $? = 0
configure:3525: result: yes
configure:3542: checking for gcc option to accept ISO C89
configure:3605: gcc  -c  -I/opt/local/include  conftest.c >&5
configure:3605: $? = 0
configure:3618: result: none needed
configure:3640: checking dependency style of gcc
configure:3751: result: gcc3
configure:3775: checking for gcc option to support OpenMP
configure:3790: gcc -o conftest  -I/opt/local/include   -L/opt/local/lib conftest.c  >&5
conftest.c:13:2: error: unknown type name 'choke'
In file included from conftest.c:15:0:
/usr/lib/gcc/x86_64-linux-gnu/4.7/include/omp.h:34:1: error: expected '=', ',', ';', 'asm' or '__attribute__' before 'typedef'
configure:3790: $? = 1
configure: failed program was:
| /* confdefs.h */
| #define PACKAGE_NAME "seecer"
| #define PACKAGE_TARNAME "seecer"
| #define PACKAGE_VERSION "1.0"
| #define PACKAGE_STRING "seecer 1.0"
| #define PACKAGE_BUGREPORT "hple@cs.cmu.edu,maschulz@cs.cmu.edu"
| #define PACKAGE_URL ""
| #define PACKAGE "seecer"
| #define VERSION "1.0"
| /* end confdefs.h.  */
| 
| #ifndef _OPENMP
|  choke me
| #endif
| #include <omp.h>
| int main () { return omp_get_num_threads (); }
| 
configure:3808: gcc -o conftest  -I/opt/local/include -fopenmp   -L/opt/local/lib conftest.c  >&5
configure:3808: $? = 0
configure:3822: result: -fopenmp
configure:3833: checking for GOMP_parallel_start in -lgomp
configure:3858: gcc -o conftest  -I/opt/local/include   -L/opt/local/lib conftest.c -lgomp   >&5
configure:3858: $? = 0
configure:3867: result: yes
configure:3879: checking for clock_gettime in -lrt
configure:3904: gcc -o conftest  -I/opt/local/include   -L/opt/local/lib conftest.c -lrt  -lgomp  >&5
configure:3904: $? = 0
configure:3913: result: yes
configure:3924: checking for cos in -lm
configure:3949: gcc -o conftest  -I/opt/local/include   -L/opt/local/lib conftest.c -lm  -lrt -lgomp  >&5
conftest.c:20:6: warning: conflicting types for built-in function 'cos' [enabled by default]
configure:3949: $? = 0
configure:3958: result: yes
configure:3969: checking for main in -lgslcblas
configure:3988: gcc -o conftest  -I/opt/local/include   -L/opt/local/lib conftest.c -lgslcblas  -lm -lrt -lgomp  >&5
configure:3988: $? = 0
configure:3997: result: yes
configure:4010: checking for main in -lgsl
configure:4029: gcc -o conftest  -I/opt/local/include   -L/opt/local/lib conftest.c -lgsl  -lgslcblas -lm -lrt -lgomp  >&5
configure:4029: $? = 0
configure:4038: result: yes
configure:4195: creating ./config.status

## ---------------------- ##
## Running config.status. ##
## ---------------------- ##

This file was extended by seecer config.status 1.0, which was
generated by GNU Autoconf 2.69.  Invocation command line was

  CONFIG_FILES    = 
  CONFIG_HEADERS  = 
  CONFIG_LINKS    = 
  CONFIG_COMMANDS = 
  $ ./config.status 

on srv-97-31

config.status:848: creating Makefile
config.status:848: creating config.h
config.status:1077: executing depfiles commands

## ---------------- ##
## Cache variables. ##
## ---------------- ##

ac_cv_c_compiler_gnu=yes
ac_cv_cxx_compiler_gnu=yes
ac_cv_env_CCC_set=
ac_cv_env_CCC_value=
ac_cv_env_CC_set=
ac_cv_env_CC_value=
ac_cv_env_CFLAGS_set=
ac_cv_env_CFLAGS_value=
ac_cv_env_CPPFLAGS_set=
ac_cv_env_CPPFLAGS_value=
ac_cv_env_CXXFLAGS_set=
ac_cv_env_CXXFLAGS_value=
ac_cv_env_CXX_set=
ac_cv_env_CXX_value=
ac_cv_env_LDFLAGS_set=
ac_cv_env_LDFLAGS_value=
ac_cv_env_LIBS_set=
ac_cv_env_LIBS_value=
ac_cv_env_build_alias_set=
ac_cv_env_build_alias_value=
ac_cv_env_host_alias_set=
ac_cv_env_host_alias_value=
ac_cv_env_target_alias_set=
ac_cv_env_target_alias_value=
ac_cv_lib_gomp_GOMP_parallel_start=yes
ac_cv_lib_gsl_main=yes
ac_cv_lib_gslcblas_main=yes
ac_cv_lib_m_cos=yes
ac_cv_lib_rt_clock_gettime=yes
ac_cv_objext=o
ac_cv_path_install='/usr/bin/install -c'
ac_cv_path_mkdir=/bin/mkdir
ac_cv_prog_AWK=gawk
ac_cv_prog_ac_ct_CC=gcc
ac_cv_prog_ac_ct_CXX=g++
ac_cv_prog_c_openmp=-fopenmp
ac_cv_prog_cc_c89=
ac_cv_prog_cc_g=yes
ac_cv_prog_cxx_g=yes
ac_cv_prog_make_make_set=yes
am_cv_CC_dependencies_compiler_type=gcc3
am_cv_CXX_dependencies_compiler_type=gcc3

## ----------------- ##
## Output variables. ##
## ----------------- ##

ACLOCAL='${SHELL} /MMCI/MS/MethylationAlgos/work/tests/seecer/repo_ver/SEECER/missing --run aclocal-1.11'
AMDEPBACKSLASH='\'
AMDEP_FALSE='#'
AMDEP_TRUE=''
AMTAR='$${TAR-tar}'
AUTOCONF='${SHELL} /MMCI/MS/MethylationAlgos/work/tests/seecer/repo_ver/SEECER/missing --run autoconf'
AUTOHEADER='${SHELL} /MMCI/MS/MethylationAlgos/work/tests/seecer/repo_ver/SEECER/missing --run autoheader'
AUTOMAKE='${SHELL} /MMCI/MS/MethylationAlgos/work/tests/seecer/repo_ver/SEECER/missing --run automake-1.11'
AWK='gawk'
CC='gcc'
CCDEPMODE='depmode=gcc3'
CFLAGS=' -I/opt/local/include'
CPPFLAGS=''
CXX='g++'
CXXDEPMODE='depmode=gcc3'
CXXFLAGS=' -I/opt/local/include'
CYGPATH_W='echo'
DEFS='-DHAVE_CONFIG_H'
DEPDIR='.deps'
ECHO_C=''
ECHO_N='-n'
ECHO_T=''
EXEEXT=''
INSTALL_DATA='${INSTALL} -m 644'
INSTALL_PROGRAM='${INSTALL}'
INSTALL_SCRIPT='${INSTALL}'
INSTALL_STRIP_PROGRAM='$(install_sh) -c -s'
LDFLAGS=' -L/opt/local/lib'
LIBOBJS=''
LIBS='-lgsl -lgslcblas -lm -lrt -lgomp '
LTLIBOBJS=''
MAKEINFO='${SHELL} /MMCI/MS/MethylationAlgos/work/tests/seecer/repo_ver/SEECER/missing --run makeinfo'
MKDIR_P='/bin/mkdir -p'
OBJEXT='o'
OPENMP_CFLAGS='-fopenmp'
PACKAGE='seecer'
PACKAGE_BUGREPORT='hple@cs.cmu.edu,maschulz@cs.cmu.edu'
PACKAGE_NAME='seecer'
PACKAGE_STRING='seecer 1.0'
PACKAGE_TARNAME='seecer'
PACKAGE_URL=''
PACKAGE_VERSION='1.0'
PATH_SEPARATOR=':'
SEQAN_CFLAGS='-Iext/seqan/include'
SET_MAKE=''
SHELL='/bin/bash'
STRIP=''
VERSION='1.0'
ac_ct_CC='gcc'
ac_ct_CXX='g++'
am__EXEEXT_FALSE=''
am__EXEEXT_TRUE='#'
am__fastdepCC_FALSE='#'
am__fastdepCC_TRUE=''
am__fastdepCXX_FALSE='#'
am__fastdepCXX_TRUE=''
am__include='include'
am__isrc=''
am__leading_dot='.'
am__nodep='_no'
am__quote=''
am__tar='$${TAR-tar} chof - "$$tardir"'
am__untar='$${TAR-tar} xf -'
bindir='${exec_prefix}/bin'
build_alias=''
datadir='${datarootdir}'
datarootdir='${prefix}/share'
docdir='${datarootdir}/doc/${PACKAGE_TARNAME}'
dvidir='${docdir}'
exec_prefix='${prefix}'
host_alias=''
htmldir='${docdir}'
includedir='${prefix}/include'
infodir='${datarootdir}/info'
install_sh='${SHELL} /MMCI/MS/MethylationAlgos/work/tests/seecer/repo_ver/SEECER/install-sh'
libdir='${exec_prefix}/lib'
libexecdir='${exec_prefix}/libexec'
localedir='${datarootdir}/locale'
localstatedir='${prefix}/var'
mandir='${datarootdir}/man'
mkdir_p='/bin/mkdir -p'
oldincludedir='/usr/include'
pdfdir='${docdir}'
prefix='/usr/local'
program_transform_name='s,x,x,'
psdir='${docdir}'
sbindir='${exec_prefix}/sbin'
sharedstatedir='${prefix}/com'
sysconfdir='${prefix}/etc'
target_alias=''

## ----------- ##
## confdefs.h. ##
## ----------- ##

/* confdefs.h */
#define PACKAGE_NAME "seecer"
#define PACKAGE_TARNAME "seecer"
#define PACKAGE_VERSION "1.0"
#define PACKAGE_STRING "seecer 1.0"
#define PACKAGE_BUGREPORT "hple@cs.cmu.edu,maschulz@cs.cmu.edu"
#define PACKAGE_URL ""
#define PACKAGE "seecer"
#define VERSION "1.0"
#define HAVE_LIBGOMP 1
#define HAVE_LIBRT 1
#define HAVE_LIBM 1
#define HAVE_LIBGSLCBLAS 1
#define HAVE_LIBGSL 1

configure: exit 0
