This file contains any messages produced by compilers while
running configure, to aid debugging if configure makes a mistake.

It was created by jellyfish configure 2.2.4, which was
generated by GNU Autoconf 2.69.  Invocation command line was

  $ ./configure --prefix=/MMCI/MS/MethylationAlgos/work/tests/seecer/repo_ver/SEECER/ext/jellyfish/jellybin

## --------- ##
## Platform. ##
## --------- ##

hostname = srv-97-31
uname -m = x86_64
uname -r = 3.10.51.1.amd64-smp
uname -s = Linux
uname -v = #1 SMP Fri Aug 1 12:54:23 CEST 2014

/usr/bin/uname -p = unknown
/bin/uname -X     = unknown

/bin/arch              = unknown
/usr/bin/arch -k       = unknown
/usr/convex/getsysinfo = unknown
/usr/bin/hostinfo      = unknown
/bin/machine           = unknown
/usr/bin/oslevel       = unknown
/bin/universe          = unknown

PATH: /bin
PATH: /usr/bin
PATH: /sbin
PATH: /usr/sbin
PATH: /usr/local/bin
PATH: /usr/local/sbin
PATH: /MMCI/MS/MethylationAlgos/work/tests/seecer/repo_ver/SEECER/ext/yaggo


## ----------- ##
## Core tests. ##
## ----------- ##

configure:2523: checking build system type
configure:2537: result: x86_64-unknown-linux-gnu
configure:2557: checking host system type
configure:2570: result: x86_64-unknown-linux-gnu
configure:2607: checking for a BSD-compatible install
configure:2675: result: /usr/bin/install -c
configure:2686: checking whether build environment is sane
configure:2736: result: yes
configure:2877: checking for a thread-safe mkdir -p
configure:2916: result: /bin/mkdir -p
configure:2929: checking for gawk
configure:2945: found /usr/bin/gawk
configure:2956: result: gawk
configure:2967: checking whether make sets $(MAKE)
configure:2989: result: yes
configure:3080: checking whether make supports nested variables
configure:3097: result: yes
configure:3157: checking how to print strings
configure:3184: result: printf
configure:3217: checking for style of include used by make
configure:3245: result: GNU
configure:3316: checking for gcc
configure:3332: found /usr/bin/gcc
configure:3343: result: gcc
configure:3572: checking for C compiler version
configure:3581: gcc --version >&5
gcc (Debian 4.7.2-5) 4.7.2
Copyright (C) 2012 Free Software Foundation, Inc.
This is free software; see the source for copying conditions.  There is NO
warranty; not even for MERCHANTABILITY or FITNESS FOR A PARTICULAR PURPOSE.

configure:3592: $? = 0
configure:3581: gcc -v >&5
Using built-in specs.
COLLECT_GCC=gcc
COLLECT_LTO_WRAPPER=/usr/lib/gcc/x86_64-linux-gnu/4.7/lto-wrapper
Target: x86_64-linux-gnu
Configured with: ../src/configure -v --with-pkgversion='Debian 4.7.2-5' --with-bugurl=file:///usr/share/doc/gcc-4.7/README.Bugs --enable-languages=c,c++,go,fortran,objc,obj-c++ --prefix=/usr --program-suffix=-4.7 --enable-shared --enable-linker-build-id --with-system-zlib --libexecdir=/usr/lib --without-included-gettext --enable-threads=posix --with-gxx-include-dir=/usr/include/c++/4.7 --libdir=/usr/lib --enable-nls --with-sysroot=/ --enable-clocale=gnu --enable-libstdcxx-debug --enable-libstdcxx-time=yes --enable-gnu-unique-object --enable-plugin --enable-objc-gc --with-arch-32=i586 --with-tune=generic --enable-checking=release --build=x86_64-linux-gnu --host=x86_64-linux-gnu --target=x86_64-linux-gnu
Thread model: posix
gcc version 4.7.2 (Debian 4.7.2-5) 
configure:3592: $? = 0
configure:3581: gcc -V >&5
gcc: error: unrecognized command line option '-V'
gcc: fatal error: no input files
compilation terminated.
configure:3592: $? = 4
configure:3581: gcc -qversion >&5
gcc: error: unrecognized command line option '-qversion'
gcc: fatal error: no input files
compilation terminated.
configure:3592: $? = 4
configure:3612: checking whether the C compiler works
configure:3634: gcc    conftest.c  >&5
configure:3638: $? = 0
configure:3686: result: yes
configure:3689: checking for C compiler default output file name
configure:3691: result: a.out
configure:3697: checking for suffix of executables
configure:3704: gcc -o conftest    conftest.c  >&5
configure:3708: $? = 0
configure:3730: result: 
configure:3752: checking whether we are cross compiling
configure:3760: gcc -o conftest    conftest.c  >&5
configure:3764: $? = 0
configure:3771: ./conftest
configure:3775: $? = 0
configure:3790: result: no
configure:3795: checking for suffix of object files
configure:3817: gcc -c   conftest.c >&5
configure:3821: $? = 0
configure:3842: result: o
configure:3846: checking whether we are using the GNU C compiler
configure:3865: gcc -c   conftest.c >&5
configure:3865: $? = 0
configure:3874: result: yes
configure:3883: checking whether gcc accepts -g
configure:3903: gcc -c -g  conftest.c >&5
configure:3903: $? = 0
configure:3944: result: yes
configure:3961: checking for gcc option to accept ISO C89
configure:4024: gcc  -c -g -O2  conftest.c >&5
configure:4024: $? = 0
configure:4037: result: none needed
configure:4059: checking dependency style of gcc
configure:4170: result: gcc3
configure:4185: checking for a sed that does not truncate output
configure:4249: result: /bin/sed
configure:4267: checking for grep that handles long lines and -e
configure:4325: result: /bin/grep
configure:4330: checking for egrep
configure:4392: result: /bin/grep -E
configure:4397: checking for fgrep
configure:4459: result: /bin/grep -F
configure:4494: checking for ld used by gcc
configure:4561: result: /usr/bin/ld
configure:4568: checking if the linker (/usr/bin/ld) is GNU ld
configure:4583: result: yes
configure:4595: checking for BSD- or MS-compatible name lister (nm)
configure:4644: result: /usr/bin/nm -B
configure:4774: checking the name lister (/usr/bin/nm -B) interface
configure:4781: gcc -c -g -O2  conftest.c >&5
configure:4784: /usr/bin/nm -B "conftest.o"
configure:4787: output
0000000000000000 B some_variable
configure:4794: result: BSD nm
configure:4797: checking whether ln -s works
configure:4801: result: yes
configure:4809: checking the maximum length of command line arguments
configure:4939: result: 1572864
configure:4956: checking whether the shell understands some XSI constructs
configure:4966: result: yes
configure:4970: checking whether the shell understands "+="
configure:4976: result: yes
configure:5011: checking how to convert x86_64-unknown-linux-gnu file names to x86_64-unknown-linux-gnu format
configure:5051: result: func_convert_file_noop
configure:5058: checking how to convert x86_64-unknown-linux-gnu file names to toolchain format
configure:5078: result: func_convert_file_noop
configure:5085: checking for /usr/bin/ld option to reload object files
configure:5092: result: -r
configure:5166: checking for objdump
configure:5182: found /usr/bin/objdump
configure:5193: result: objdump
configure:5225: checking how to recognize dependent libraries
configure:5423: result: pass_all
configure:5508: checking for dlltool
configure:5538: result: no
configure:5568: checking how to associate runtime and link libraries
configure:5595: result: printf %s\n
configure:5656: checking for ar
configure:5672: found /usr/bin/ar
configure:5683: result: ar
configure:5720: checking for archiver @FILE support
configure:5737: gcc -c -g -O2  conftest.c >&5
configure:5737: $? = 0
configure:5740: ar cru libconftest.a @conftest.lst >&5
configure:5743: $? = 0
configure:5748: ar cru libconftest.a @conftest.lst >&5
ar: conftest.o: No such file or directory
configure:5751: $? = 1
configure:5763: result: @
configure:5821: checking for strip
configure:5837: found /usr/bin/strip
configure:5848: result: strip
configure:5920: checking for ranlib
configure:5936: found /usr/bin/ranlib
configure:5947: result: ranlib
configure:6049: checking command to parse /usr/bin/nm -B output from gcc object
configure:6169: gcc -c -g -O2  conftest.c >&5
configure:6172: $? = 0
configure:6176: /usr/bin/nm -B conftest.o \| sed -n -e 's/^.*[ ]\([ABCDGIRSTW][ABCDGIRSTW]*\)[ ][ ]*\([_A-Za-z][_A-Za-z0-9]*\)$/\1 \2 \2/p' | sed '/ __gnu_lto/d' \> conftest.nm
configure:6179: $? = 0
configure:6245: gcc -o conftest -g -O2   conftest.c conftstm.o >&5
configure:6248: $? = 0
configure:6286: result: ok
configure:6323: checking for sysroot
configure:6353: result: no
configure:6430: gcc -c -g -O2  conftest.c >&5
configure:6433: $? = 0
configure:6609: checking for mt
configure:6625: found /bin/mt
configure:6636: result: mt
configure:6659: checking if mt is a manifest tool
configure:6665: mt '-?'
configure:6673: result: no
configure:7315: checking how to run the C preprocessor
configure:7346: gcc -E  conftest.c
configure:7346: $? = 0
configure:7360: gcc -E  conftest.c
conftest.c:11:28: fatal error: ac_nonexistent.h: No such file or directory
compilation terminated.
configure:7360: $? = 1
configure: failed program was:
| /* confdefs.h */
| #define PACKAGE_NAME "jellyfish"
| #define PACKAGE_TARNAME "jellyfish"
| #define PACKAGE_VERSION "2.2.4"
| #define PACKAGE_STRING "jellyfish 2.2.4"
| #define PACKAGE_BUGREPORT "gmarcais@umd.edu"
| #define PACKAGE_URL ""
| #define PACKAGE "jellyfish"
| #define VERSION "2.2.4"
| /* end confdefs.h.  */
| #include <ac_nonexistent.h>
configure:7385: result: gcc -E
configure:7405: gcc -E  conftest.c
configure:7405: $? = 0
configure:7419: gcc -E  conftest.c
conftest.c:11:28: fatal error: ac_nonexistent.h: No such file or directory
compilation terminated.
configure:7419: $? = 1
configure: failed program was:
| /* confdefs.h */
| #define PACKAGE_NAME "jellyfish"
| #define PACKAGE_TARNAME "jellyfish"
| #define PACKAGE_VERSION "2.2.4"
| #define PACKAGE_STRING "jellyfish 2.2.4"
| #define PACKAGE_BUGREPORT "gmarcais@umd.edu"
| #define PACKAGE_URL ""
| #define PACKAGE "jellyfish"
| #define VERSION "2.2.4"
| /* end confdefs.h.  */
| #include <ac_nonexistent.h>
configure:7448: checking for ANSI C header files
configure:7468: gcc -c -g -O2  conftest.c >&5
configure:7468: $? = 0
configure:7541: gcc -o conftest -g -O2   conftest.c  >&5
configure:7541: $? = 0
configure:7541: ./conftest
configure:7541: $? = 0
configure:7552: result: yes
configure:7565: checking for sys/types.h
configure:7565: gcc -c -g -O2  conftest.c >&5
configure:7565: $? = 0
configure:7565: result: yes
configure:7565: checking for sys/stat.h
configure:7565: gcc -c -g -O2  conftest.c >&5
configure:7565: $? = 0
configure:7565: result: yes
configure:7565: checking for stdlib.h
configure:7565: gcc -c -g -O2  conftest.c >&5
configure:7565: $? = 0
configure:7565: result: yes
configure:7565: checking for string.h
configure:7565: gcc -c -g -O2  conftest.c >&5
configure:7565: $? = 0
configure:7565: result: yes
configure:7565: checking for memory.h
configure:7565: gcc -c -g -O2  conftest.c >&5
configure:7565: $? = 0
configure:7565: result: yes
configure:7565: checking for strings.h
configure:7565: gcc -c -g -O2  conftest.c >&5
configure:7565: $? = 0
configure:7565: result: yes
configure:7565: checking for inttypes.h
configure:7565: gcc -c -g -O2  conftest.c >&5
configure:7565: $? = 0
configure:7565: result: yes
configure:7565: checking for stdint.h
configure:7565: gcc -c -g -O2  conftest.c >&5
configure:7565: $? = 0
configure:7565: result: yes
configure:7565: checking for unistd.h
configure:7565: gcc -c -g -O2  conftest.c >&5
configure:7565: $? = 0
configure:7565: result: yes
configure:7579: checking for dlfcn.h
configure:7579: gcc -c -g -O2  conftest.c >&5
configure:7579: $? = 0
configure:7579: result: yes
configure:7785: checking for objdir
configure:7800: result: .libs
configure:8071: checking if gcc supports -fno-rtti -fno-exceptions
configure:8089: gcc -c -g -O2  -fno-rtti -fno-exceptions conftest.c >&5
cc1: warning: command line option '-fno-rtti' is valid for C++/ObjC++ but not for C [enabled by default]
configure:8093: $? = 0
configure:8106: result: no
configure:8433: checking for gcc option to produce PIC
configure:8440: result: -fPIC -DPIC
configure:8448: checking if gcc PIC flag -fPIC -DPIC works
configure:8466: gcc -c -g -O2  -fPIC -DPIC -DPIC conftest.c >&5
configure:8470: $? = 0
configure:8483: result: yes
configure:8512: checking if gcc static flag -static works
configure:8540: result: yes
configure:8555: checking if gcc supports -c -o file.o
configure:8576: gcc -c -g -O2  -o out/conftest2.o conftest.c >&5
configure:8580: $? = 0
configure:8602: result: yes
configure:8610: checking if gcc supports -c -o file.o
configure:8657: result: yes
configure:8690: checking whether the gcc linker (/usr/bin/ld -m elf_x86_64) supports shared libraries
configure:9847: result: yes
configure:9884: checking whether -lc should be explicitly linked in
configure:9892: gcc -c -g -O2  conftest.c >&5
configure:9895: $? = 0
configure:9910: gcc -shared  -fPIC -DPIC conftest.o  -v -Wl,-soname -Wl,conftest -o conftest 2\>\&1 \| /bin/grep  -lc  \>/dev/null 2\>\&1
configure:9913: $? = 0
configure:9927: result: no
configure:10087: checking dynamic linker characteristics
configure:10587: gcc -o conftest -g -O2   -Wl,-rpath -Wl,/foo conftest.c  >&5
configure:10587: $? = 0
configure:10821: result: GNU/Linux ld.so
configure:10928: checking how to hardcode library paths into programs
configure:10953: result: immediate
configure:11493: checking whether stripping libraries is possible
configure:11498: result: yes
configure:11533: checking if libtool supports shared libraries
configure:11535: result: yes
configure:11538: checking whether to build shared libraries
configure:11559: result: yes
configure:11562: checking whether to build static libraries
configure:11566: result: yes
configure:11672: checking for g++
configure:11688: found /usr/bin/g++
configure:11699: result: g++
configure:11726: checking for C++ compiler version
configure:11735: g++ --version >&5
g++ (Debian 4.7.2-5) 4.7.2
Copyright (C) 2012 Free Software Foundation, Inc.
This is free software; see the source for copying conditions.  There is NO
warranty; not even for MERCHANTABILITY or FITNESS FOR A PARTICULAR PURPOSE.

configure:11746: $? = 0
configure:11735: g++ -v >&5
Using built-in specs.
COLLECT_GCC=g++
COLLECT_LTO_WRAPPER=/usr/lib/gcc/x86_64-linux-gnu/4.7/lto-wrapper
Target: x86_64-linux-gnu
Configured with: ../src/configure -v --with-pkgversion='Debian 4.7.2-5' --with-bugurl=file:///usr/share/doc/gcc-4.7/README.Bugs --enable-languages=c,c++,go,fortran,objc,obj-c++ --prefix=/usr --program-suffix=-4.7 --enable-shared --enable-linker-build-id --with-system-zlib --libexecdir=/usr/lib --without-included-gettext --enable-threads=posix --with-gxx-include-dir=/usr/include/c++/4.7 --libdir=/usr/lib --enable-nls --with-sysroot=/ --enable-clocale=gnu --enable-libstdcxx-debug --enable-libstdcxx-time=yes --enable-gnu-unique-object --enable-plugin --enable-objc-gc --with-arch-32=i586 --with-tune=generic --enable-checking=release --build=x86_64-linux-gnu --host=x86_64-linux-gnu --target=x86_64-linux-gnu
Thread model: posix
gcc version 4.7.2 (Debian 4.7.2-5) 
configure:11746: $? = 0
configure:11735: g++ -V >&5
g++: error: unrecognized command line option '-V'
g++: fatal error: no input files
compilation terminated.
configure:11746: $? = 4
configure:11735: g++ -qversion >&5
g++: error: unrecognized command line option '-qversion'
g++: fatal error: no input files
compilation terminated.
configure:11746: $? = 4
configure:11750: checking whether we are using the GNU C++ compiler
configure:11769: g++ -c -std=c++0x   conftest.cpp >&5
configure:11769: $? = 0
configure:11778: result: yes
configure:11787: checking whether g++ accepts -g
configure:11807: g++ -c -g  conftest.cpp >&5
configure:11807: $? = 0
configure:11848: result: yes
configure:11873: checking dependency style of g++
configure:11984: result: gcc3
configure:12017: checking how to run the C++ preprocessor
configure:12044: g++ -E  conftest.cpp
configure:12044: $? = 0
configure:12058: g++ -E  conftest.cpp
conftest.cpp:23:28: fatal error: ac_nonexistent.h: No such file or directory
compilation terminated.
configure:12058: $? = 1
configure: failed program was:
| /* confdefs.h */
| #define PACKAGE_NAME "jellyfish"
| #define PACKAGE_TARNAME "jellyfish"
| #define PACKAGE_VERSION "2.2.4"
| #define PACKAGE_STRING "jellyfish 2.2.4"
| #define PACKAGE_BUGREPORT "gmarcais@umd.edu"
| #define PACKAGE_URL ""
| #define PACKAGE "jellyfish"
| #define VERSION "2.2.4"
| #define STDC_HEADERS 1
| #define HAVE_SYS_TYPES_H 1
| #define HAVE_SYS_STAT_H 1
| #define HAVE_STDLIB_H 1
| #define HAVE_STRING_H 1
| #define HAVE_MEMORY_H 1
| #define HAVE_STRINGS_H 1
| #define HAVE_INTTYPES_H 1
| #define HAVE_STDINT_H 1
| #define HAVE_UNISTD_H 1
| #define HAVE_DLFCN_H 1
| #define LT_OBJDIR ".libs/"
| /* end confdefs.h.  */
| #include <ac_nonexistent.h>
configure:12083: result: g++ -E
configure:12103: g++ -E  conftest.cpp
configure:12103: $? = 0
configure:12117: g++ -E  conftest.cpp
conftest.cpp:23:28: fatal error: ac_nonexistent.h: No such file or directory
compilation terminated.
configure:12117: $? = 1
configure: failed program was:
| /* confdefs.h */
| #define PACKAGE_NAME "jellyfish"
| #define PACKAGE_TARNAME "jellyfish"
| #define PACKAGE_VERSION "2.2.4"
| #define PACKAGE_STRING "jellyfish 2.2.4"
| #define PACKAGE_BUGREPORT "gmarcais@umd.edu"
| #define PACKAGE_URL ""
| #define PACKAGE "jellyfish"
| #define VERSION "2.2.4"
| #define STDC_HEADERS 1
| #define HAVE_SYS_TYPES_H 1
| #define HAVE_SYS_STAT_H 1
| #define HAVE_STDLIB_H 1
| #define HAVE_STRING_H 1
| #define HAVE_MEMORY_H 1
| #define HAVE_STRINGS_H 1
| #define HAVE_INTTYPES_H 1
| #define HAVE_STDINT_H 1
| #define HAVE_UNISTD_H 1
| #define HAVE_DLFCN_H 1
| #define LT_OBJDIR ".libs/"
| /* end confdefs.h.  */
| #include <ac_nonexistent.h>
configure:12286: checking for ld used by g++
configure:12353: result: /usr/bin/ld -m elf_x86_64
configure:12360: checking if the linker (/usr/bin/ld -m elf_x86_64) is GNU ld
configure:12375: result: yes
configure:12430: checking whether the g++ linker (/usr/bin/ld -m elf_x86_64) supports shared libraries
configure:13432: result: yes
configure:13468: g++ -c -std=c++0x   conftest.cpp >&5
configure:13471: $? = 0
configure:13991: checking for g++ option to produce PIC
configure:13998: result: -fPIC -DPIC
configure:14006: checking if g++ PIC flag -fPIC -DPIC works
configure:14024: g++ -c -std=c++0x   -fPIC -DPIC -DPIC conftest.cpp >&5
configure:14028: $? = 0
configure:14041: result: yes
configure:14064: checking if g++ static flag -static works
configure:14092: result: yes
configure:14104: checking if g++ supports -c -o file.o
configure:14125: g++ -c -std=c++0x   -o out/conftest2.o conftest.cpp >&5
configure:14129: $? = 0
configure:14151: result: yes
configure:14156: checking if g++ supports -c -o file.o
configure:14203: result: yes
configure:14233: checking whether the g++ linker (/usr/bin/ld -m elf_x86_64) supports shared libraries
configure:14272: result: yes
configure:14413: checking dynamic linker characteristics
configure:15081: result: GNU/Linux ld.so
configure:15134: checking how to hardcode library paths into programs
configure:15159: result: immediate
configure:15209: checking for md5sum
configure:15225: found /usr/bin/md5sum
configure:15236: result: md5sum
configure:15293: checking for yaggo
configure:15311: found /MMCI/MS/MethylationAlgos/work/tests/seecer/repo_ver/SEECER/ext/yaggo/yaggo
configure:15324: result: /MMCI/MS/MethylationAlgos/work/tests/seecer/repo_ver/SEECER/ext/yaggo/yaggo
configure:15413: checking for pkg-config
configure:15431: found /usr/bin/pkg-config
configure:15443: result: /usr/bin/pkg-config
configure:15468: checking pkg-config is at least version 0.9.0
configure:15471: result: yes
configure:15587: checking for __int128
configure:15587: g++ -c -std=c++0x   conftest.cpp >&5
configure:15587: $? = 0
configure:15587: g++ -c -std=c++0x   conftest.cpp >&5
conftest.cpp: In function 'int main()':
conftest.cpp:60:14: error: expected primary-expression before '__int128'
conftest.cpp:60:14: error: expected ')' before '__int128'
conftest.cpp:61:14: error: expected ')' before ';' token
conftest.cpp:61:14: error: expected ')' before ';' token
configure:15587: $? = 1
configure: failed program was:
| /* confdefs.h */
| #define PACKAGE_NAME "jellyfish"
| #define PACKAGE_TARNAME "jellyfish"
| #define PACKAGE_VERSION "2.2.4"
| #define PACKAGE_STRING "jellyfish 2.2.4"
| #define PACKAGE_BUGREPORT "gmarcais@umd.edu"
| #define PACKAGE_URL ""
| #define PACKAGE "jellyfish"
| #define VERSION "2.2.4"
| #define STDC_HEADERS 1
| #define HAVE_SYS_TYPES_H 1
| #define HAVE_SYS_STAT_H 1
| #define HAVE_STDLIB_H 1
| #define HAVE_STRING_H 1
| #define HAVE_MEMORY_H 1
| #define HAVE_STRINGS_H 1
| #define HAVE_INTTYPES_H 1
| #define HAVE_STDINT_H 1
| #define HAVE_UNISTD_H 1
| #define HAVE_DLFCN_H 1
| #define LT_OBJDIR ".libs/"
| #define HAVE_SSE 1
| /* end confdefs.h.  */
| #include <stdio.h>
| #ifdef HAVE_SYS_TYPES_H
| # include <sys/types.h>
| #endif
| #ifdef HAVE_SYS_STAT_H
| # include <sys/stat.h>
| #endif
| #ifdef STDC_HEADERS
| # include <stdlib.h>
| # include <stddef.h>
| #else
| # ifdef HAVE_STDLIB_H
| #  include <stdlib.h>
| # endif
| #endif
| #ifdef HAVE_STRING_H
| # if !defined STDC_HEADERS && defined HAVE_MEMORY_H
| #  include <memory.h>
| # endif
| # include <string.h>
| #endif
| #ifdef HAVE_STRINGS_H
| # include <strings.h>
| #endif
| #ifdef HAVE_INTTYPES_H
| # include <inttypes.h>
| #endif
| #ifdef HAVE_STDINT_H
| # include <stdint.h>
| #endif
| #ifdef HAVE_UNISTD_H
| # include <unistd.h>
| #endif
| int
| main ()
| {
| if (sizeof ((__int128)))
| 	    return 0;
|   ;
|   return 0;
| }
configure:15587: result: yes
configure:15594: checking for std::numeric_limits<__int128>
configure:15608: g++ -c -std=c++0x   conftest.cpp >&5
conftest.cpp: In function 'int main()':
conftest.cpp:30:1: error: incomplete type 'StaticAssert<false>' used in nested name specifier
configure:15608: $? = 1
configure: failed program was:
| /* confdefs.h */
| #define PACKAGE_NAME "jellyfish"
| #define PACKAGE_TARNAME "jellyfish"
| #define PACKAGE_VERSION "2.2.4"
| #define PACKAGE_STRING "jellyfish 2.2.4"
| #define PACKAGE_BUGREPORT "gmarcais@umd.edu"
| #define PACKAGE_URL ""
| #define PACKAGE "jellyfish"
| #define VERSION "2.2.4"
| #define STDC_HEADERS 1
| #define HAVE_SYS_TYPES_H 1
| #define HAVE_SYS_STAT_H 1
| #define HAVE_STDLIB_H 1
| #define HAVE_STRING_H 1
| #define HAVE_MEMORY_H 1
| #define HAVE_STRINGS_H 1
| #define HAVE_INTTYPES_H 1
| #define HAVE_STDINT_H 1
| #define HAVE_UNISTD_H 1
| #define HAVE_DLFCN_H 1
| #define LT_OBJDIR ".libs/"
| #define HAVE_SSE 1
| #define HAVE_INT128 1
| /* end confdefs.h.  */
| #include <limits>
|                                             template<bool> struct StaticAssert; template<> struct StaticAssert<true> { static void assert() { } };
| int
| main ()
| {
| StaticAssert<std::numeric_limits<__int128>::is_specialized>::assert();
|   ;
|   return 0;
| }
configure:15615: result: no
configure:15622: checking for _NSGetExecutablePath
configure:15635: g++ -o conftest -std=c++0x    conftest.cpp  >&5
conftest.cpp:25:25: fatal error: mach-o/dyld.h: No such file or directory
compilation terminated.
configure:15635: $? = 1
configure: failed program was:
| /* confdefs.h */
| #define PACKAGE_NAME "jellyfish"
| #define PACKAGE_TARNAME "jellyfish"
| #define PACKAGE_VERSION "2.2.4"
| #define PACKAGE_STRING "jellyfish 2.2.4"
| #define PACKAGE_BUGREPORT "gmarcais@umd.edu"
| #define PACKAGE_URL ""
| #define PACKAGE "jellyfish"
| #define VERSION "2.2.4"
| #define STDC_HEADERS 1
| #define HAVE_SYS_TYPES_H 1
| #define HAVE_SYS_STAT_H 1
| #define HAVE_STDLIB_H 1
| #define HAVE_STRING_H 1
| #define HAVE_MEMORY_H 1
| #define HAVE_STRINGS_H 1
| #define HAVE_INTTYPES_H 1
| #define HAVE_STDINT_H 1
| #define HAVE_UNISTD_H 1
| #define HAVE_DLFCN_H 1
| #define LT_OBJDIR ".libs/"
| #define HAVE_SSE 1
| #define HAVE_INT128 1
| /* end confdefs.h.  */
| #include <mach-o/dyld.h>
| int
| main ()
| {
| _NSGetExecutablePath(0, 0);
|   ;
|   return 0;
| }
configure:15642: result: no
configure:15655: checking for execinfo.h
configure:15655: g++ -c -std=c++0x   conftest.cpp >&5
configure:15655: $? = 0
configure:15655: result: yes
configure:15655: checking for ext/stdio_filebuf.h
configure:15655: g++ -c -std=c++0x   conftest.cpp >&5
configure:15655: $? = 0
configure:15655: result: yes
configure:15671: checking for siginfo_t.si_int
configure:15671: g++ -c -std=c++0x   conftest.cpp >&5
configure:15671: $? = 0
configure:15671: result: yes
configure:16658: creating ./config.status

## ---------------------- ##
## Running config.status. ##
## ---------------------- ##

This file was extended by jellyfish config.status 2.2.4, which was
generated by GNU Autoconf 2.69.  Invocation command line was

  CONFIG_FILES    = 
  CONFIG_HEADERS  = 
  CONFIG_LINKS    = 
  CONFIG_COMMANDS = 
  $ ./config.status 

on srv-97-31

config.status:1189: creating Makefile
config.status:1189: creating tests/compat.sh
config.status:1189: creating jellyfish-2.0.pc
config.status:1189: creating config.h
config.status:1418: executing depfiles commands
config.status:1418: executing libtool commands

## ---------------- ##
## Cache variables. ##
## ---------------- ##

ac_cv_build=x86_64-unknown-linux-gnu
ac_cv_c_compiler_gnu=yes
ac_cv_cxx_compiler_gnu=yes
ac_cv_env_CCC_set=
ac_cv_env_CCC_value=
ac_cv_env_CC_set=
ac_cv_env_CC_value=
ac_cv_env_CFLAGS_set=
ac_cv_env_CFLAGS_value=
ac_cv_env_CPPFLAGS_set=
ac_cv_env_CPPFLAGS_value=
ac_cv_env_CPP_set=
ac_cv_env_CPP_value=
ac_cv_env_CXXCPP_set=
ac_cv_env_CXXCPP_value=
ac_cv_env_CXXFLAGS_set=
ac_cv_env_CXXFLAGS_value=
ac_cv_env_CXX_set=
ac_cv_env_CXX_value=
ac_cv_env_LDFLAGS_set=
ac_cv_env_LDFLAGS_value=
ac_cv_env_LIBS_set=
ac_cv_env_LIBS_value=
ac_cv_env_MD5_set=
ac_cv_env_MD5_value=
ac_cv_env_PERL_EXT_CPPFLAGS_set=
ac_cv_env_PERL_EXT_CPPFLAGS_value=
ac_cv_env_PERL_EXT_INC_set=
ac_cv_env_PERL_EXT_INC_value=
ac_cv_env_PERL_EXT_LDFLAGS_set=
ac_cv_env_PERL_EXT_LDFLAGS_value=
ac_cv_env_PERL_EXT_LIB_set=
ac_cv_env_PERL_EXT_LIB_value=
ac_cv_env_PERL_EXT_PREFIX_set=
ac_cv_env_PERL_EXT_PREFIX_value=
ac_cv_env_PKG_CONFIG_LIBDIR_set=
ac_cv_env_PKG_CONFIG_LIBDIR_value=
ac_cv_env_PKG_CONFIG_PATH_set=
ac_cv_env_PKG_CONFIG_PATH_value=
ac_cv_env_PKG_CONFIG_set=
ac_cv_env_PKG_CONFIG_value=
ac_cv_env_PYTHON_VERSION_set=
ac_cv_env_PYTHON_VERSION_value=
ac_cv_env_RUBY_set=
ac_cv_env_RUBY_value=
ac_cv_env_VALGRIND_CFLAGS_set=
ac_cv_env_VALGRIND_CFLAGS_value=
ac_cv_env_VALGRIND_LIBS_set=
ac_cv_env_VALGRIND_LIBS_value=
ac_cv_env_YAGGO_set=
ac_cv_env_YAGGO_value=
ac_cv_env_build_alias_set=
ac_cv_env_build_alias_value=
ac_cv_env_host_alias_set=
ac_cv_env_host_alias_value=
ac_cv_env_target_alias_set=
ac_cv_env_target_alias_value=
ac_cv_header_dlfcn_h=yes
ac_cv_header_execinfo_h=yes
ac_cv_header_ext_stdio_filebuf_h=yes
ac_cv_header_inttypes_h=yes
ac_cv_header_memory_h=yes
ac_cv_header_stdc=yes
ac_cv_header_stdint_h=yes
ac_cv_header_stdlib_h=yes
ac_cv_header_string_h=yes
ac_cv_header_strings_h=yes
ac_cv_header_sys_stat_h=yes
ac_cv_header_sys_types_h=yes
ac_cv_header_unistd_h=yes
ac_cv_host=x86_64-unknown-linux-gnu
ac_cv_member_siginfo_t_si_int=yes
ac_cv_objext=o
ac_cv_path_EGREP='/bin/grep -E'
ac_cv_path_FGREP='/bin/grep -F'
ac_cv_path_GREP=/bin/grep
ac_cv_path_SED=/bin/sed
ac_cv_path_YAGGO=/MMCI/MS/MethylationAlgos/work/tests/seecer/repo_ver/SEECER/ext/yaggo/yaggo
ac_cv_path_ac_pt_PKG_CONFIG=/usr/bin/pkg-config
ac_cv_path_install='/usr/bin/install -c'
ac_cv_path_mkdir=/bin/mkdir
ac_cv_prog_AWK=gawk
ac_cv_prog_CPP='gcc -E'
ac_cv_prog_CXXCPP='g++ -E'
ac_cv_prog_MD5=md5sum
ac_cv_prog_ac_ct_AR=ar
ac_cv_prog_ac_ct_CC=gcc
ac_cv_prog_ac_ct_CXX=g++
ac_cv_prog_ac_ct_MANIFEST_TOOL=mt
ac_cv_prog_ac_ct_OBJDUMP=objdump
ac_cv_prog_ac_ct_RANLIB=ranlib
ac_cv_prog_ac_ct_STRIP=strip
ac_cv_prog_cc_c89=
ac_cv_prog_cc_g=yes
ac_cv_prog_cxx_g=yes
ac_cv_prog_make_make_set=yes
ac_cv_type___int128=yes
am_cv_CC_dependencies_compiler_type=gcc3
am_cv_CXX_dependencies_compiler_type=gcc3
am_cv_make_support_nested_variables=yes
lt_cv_ar_at_file=@
lt_cv_archive_cmds_need_lc=no
lt_cv_deplibs_check_method=pass_all
lt_cv_file_magic_cmd='$MAGIC_CMD'
lt_cv_file_magic_test_file=
lt_cv_ld_reload_flag=-r
lt_cv_nm_interface='BSD nm'
lt_cv_objdir=.libs
lt_cv_path_LD=/usr/bin/ld
lt_cv_path_LDCXX='/usr/bin/ld -m elf_x86_64'
lt_cv_path_NM='/usr/bin/nm -B'
lt_cv_path_mainfest_tool=no
lt_cv_prog_compiler_c_o=yes
lt_cv_prog_compiler_c_o_CXX=yes
lt_cv_prog_compiler_pic='-fPIC -DPIC'
lt_cv_prog_compiler_pic_CXX='-fPIC -DPIC'
lt_cv_prog_compiler_pic_works=yes
lt_cv_prog_compiler_pic_works_CXX=yes
lt_cv_prog_compiler_rtti_exceptions=no
lt_cv_prog_compiler_static_works=yes
lt_cv_prog_compiler_static_works_CXX=yes
lt_cv_prog_gnu_ld=yes
lt_cv_prog_gnu_ldcxx=yes
lt_cv_sharedlib_from_linklib_cmd='printf %s\n'
lt_cv_shlibpath_overrides_runpath=no
lt_cv_sys_global_symbol_pipe='sed -n -e '\''s/^.*[	 ]\([ABCDGIRSTW][ABCDGIRSTW]*\)[	 ][	 ]*\([_A-Za-z][_A-Za-z0-9]*\)$/\1 \2 \2/p'\'' | sed '\''/ __gnu_lto/d'\'''
lt_cv_sys_global_symbol_to_c_name_address='sed -n -e '\''s/^: \([^ ]*\)[ ]*$/  {\"\1\", (void *) 0},/p'\'' -e '\''s/^[ABCDGIRSTW]* \([^ ]*\) \([^ ]*\)$/  {"\2", (void *) \&\2},/p'\'''
lt_cv_sys_global_symbol_to_c_name_address_lib_prefix='sed -n -e '\''s/^: \([^ ]*\)[ ]*$/  {\"\1\", (void *) 0},/p'\'' -e '\''s/^[ABCDGIRSTW]* \([^ ]*\) \(lib[^ ]*\)$/  {"\2", (void *) \&\2},/p'\'' -e '\''s/^[ABCDGIRSTW]* \([^ ]*\) \([^ ]*\)$/  {"lib\2", (void *) \&\2},/p'\'''
lt_cv_sys_global_symbol_to_cdecl='sed -n -e '\''s/^T .* \(.*\)$/extern int \1();/p'\'' -e '\''s/^[ABCDGIRSTW]* .* \(.*\)$/extern char \1;/p'\'''
lt_cv_sys_max_cmd_len=1572864
lt_cv_to_host_file_cmd=func_convert_file_noop
lt_cv_to_tool_file_cmd=func_convert_file_noop

## ----------------- ##
## Output variables. ##
## ----------------- ##

ACLOCAL='${SHELL} /MMCI/MS/MethylationAlgos/work/tests/seecer/repo_ver/SEECER/ext/jellyfish/missing --run aclocal-1.11'
ALL_CXXFLAGS='-std=c++0x'
AMDEPBACKSLASH='\'
AMDEP_FALSE='#'
AMDEP_TRUE=''
AMTAR='$${TAR-tar}'
AM_BACKSLASH='\'
AM_DEFAULT_V='$(AM_DEFAULT_VERBOSITY)'
AM_DEFAULT_VERBOSITY='0'
AM_V='$(V)'
AR='ar'
AUTOCONF='${SHELL} /MMCI/MS/MethylationAlgos/work/tests/seecer/repo_ver/SEECER/ext/jellyfish/missing --run autoconf'
AUTOHEADER='${SHELL} /MMCI/MS/MethylationAlgos/work/tests/seecer/repo_ver/SEECER/ext/jellyfish/missing --run autoheader'
AUTOMAKE='${SHELL} /MMCI/MS/MethylationAlgos/work/tests/seecer/repo_ver/SEECER/ext/jellyfish/missing --run automake-1.11'
AWK='gawk'
CC='gcc'
CCDEPMODE='depmode=gcc3'
CFLAGS='-g -O2'
CPP='gcc -E'
CPPFLAGS=''
CXX='g++'
CXXCPP='g++ -E'
CXXDEPMODE='depmode=gcc3'
CXXFLAGS='-std=c++0x '
CYGPATH_W='echo'
DEFS='-DHAVE_CONFIG_H'
DEPDIR='.deps'
DLLTOOL='false'
DSYMUTIL=''
DUMPBIN=''
ECHO_C=''
ECHO_N='-n'
ECHO_T=''
EGREP='/bin/grep -E'
EXEEXT=''
FGREP='/bin/grep -F'
GREP='/bin/grep'
HAVE_SWIG_FALSE=''
HAVE_SWIG_TRUE='#'
INSTALL_DATA='${INSTALL} -m 644'
INSTALL_PROGRAM='${INSTALL}'
INSTALL_SCRIPT='${INSTALL}'
INSTALL_STRIP_PROGRAM='$(install_sh) -c -s'
LD='/usr/bin/ld -m elf_x86_64'
LDFLAGS=''
LIBOBJS=''
LIBS=''
LIBTOOL='$(SHELL) $(top_builddir)/libtool'
LIPO=''
LN_S='ln -s'
LTLIBOBJS=''
MAKEINFO='${SHELL} /MMCI/MS/MethylationAlgos/work/tests/seecer/repo_ver/SEECER/ext/jellyfish/missing --run makeinfo'
MANIFEST_TOOL=':'
MD5='md5sum'
MKDIR_P='/bin/mkdir -p'
NM='/usr/bin/nm -B'
NMEDIT=''
OBJDUMP='objdump'
OBJEXT='o'
OTOOL64=''
OTOOL=''
PACKAGE='jellyfish'
PACKAGE_BUGREPORT='gmarcais@umd.edu'
PACKAGE_LIB='2.0'
PACKAGE_NAME='jellyfish'
PACKAGE_STRING='jellyfish 2.2.4'
PACKAGE_TARNAME='jellyfish'
PACKAGE_URL=''
PACKAGE_VERSION='2.2.4'
PATH_SEPARATOR=':'
PERL=''
PERL_BINDING_FALSE=''
PERL_BINDING_TRUE='#'
PERL_EXT_CPPFLAGS=''
PERL_EXT_INC=''
PERL_EXT_LDFLAGS=''
PERL_EXT_LIB=''
PERL_EXT_PREFIX=''
PKG_CONFIG='/usr/bin/pkg-config'
PKG_CONFIG_LIBDIR=''
PKG_CONFIG_PATH=''
PYTHON=''
PYTHON_BINDING_FALSE=''
PYTHON_BINDING_TRUE='#'
PYTHON_CPPFLAGS=''
PYTHON_EXTRA_LDFLAGS=''
PYTHON_EXTRA_LIBS=''
PYTHON_LDFLAGS=''
PYTHON_SITE_PKG=''
PYTHON_VERSION=''
RANLIB='ranlib'
RUBY=''
RUBY_BINDING_FALSE=''
RUBY_BINDING_TRUE='#'
RUBY_EXT_CFLAGS=''
RUBY_EXT_LDFLAGS=''
RUBY_EXT_LIB=''
RUBY_EXT_LIBS=''
RUBY_VERSION=''
SED='/bin/sed'
SET_MAKE=''
SHELL='/bin/bash'
STATIC_FLAGS=''
STRIP='strip'
SWIG=''
SWIG_LIB=''
VALGRIND_CFLAGS=''
VALGRIND_LIBS=''
VERSION='2.2.4'
YAGGO='/MMCI/MS/MethylationAlgos/work/tests/seecer/repo_ver/SEECER/ext/yaggo/yaggo'
ac_ct_AR='ar'
ac_ct_CC='gcc'
ac_ct_CXX='g++'
ac_ct_DUMPBIN=''
am__EXEEXT_FALSE=''
am__EXEEXT_TRUE='#'
am__fastdepCC_FALSE='#'
am__fastdepCC_TRUE=''
am__fastdepCXX_FALSE='#'
am__fastdepCXX_TRUE=''
am__include='include'
am__isrc=''
am__leading_dot='.'
am__nodep='_no'
am__quote=''
am__tar='$${TAR-tar} chof - "$$tardir"'
am__untar='$${TAR-tar} xf -'
bindir='${exec_prefix}/bin'
build='x86_64-unknown-linux-gnu'
build_alias=''
build_cpu='x86_64'
build_os='linux-gnu'
build_vendor='unknown'
datadir='${datarootdir}'
datarootdir='${prefix}/share'
docdir='${datarootdir}/doc/${PACKAGE_TARNAME}'
dvidir='${docdir}'
exec_prefix='${prefix}'
host='x86_64-unknown-linux-gnu'
host_alias=''
host_cpu='x86_64'
host_os='linux-gnu'
host_vendor='unknown'
htmldir='${docdir}'
includedir='${prefix}/include'
infodir='${datarootdir}/info'
install_sh='${SHELL} /MMCI/MS/MethylationAlgos/work/tests/seecer/repo_ver/SEECER/ext/jellyfish/install-sh'
libdir='${exec_prefix}/lib'
libexecdir='${exec_prefix}/libexec'
localedir='${datarootdir}/locale'
localstatedir='${prefix}/var'
mandir='${datarootdir}/man'
mkdir_p='/bin/mkdir -p'
oldincludedir='/usr/include'
pdfdir='${docdir}'
prefix='/MMCI/MS/MethylationAlgos/work/tests/seecer/repo_ver/SEECER/ext/jellyfish/jellybin'
program_transform_name='s,x,x,'
psdir='${docdir}'
sbindir='${exec_prefix}/sbin'
sharedstatedir='${prefix}/com'
sysconfdir='${prefix}/etc'
target_alias=''

## ----------- ##
## confdefs.h. ##
## ----------- ##

/* confdefs.h */
#define PACKAGE_NAME "jellyfish"
#define PACKAGE_TARNAME "jellyfish"
#define PACKAGE_VERSION "2.2.4"
#define PACKAGE_STRING "jellyfish 2.2.4"
#define PACKAGE_BUGREPORT "gmarcais@umd.edu"
#define PACKAGE_URL ""
#define PACKAGE "jellyfish"
#define VERSION "2.2.4"
#define STDC_HEADERS 1
#define HAVE_SYS_TYPES_H 1
#define HAVE_SYS_STAT_H 1
#define HAVE_STDLIB_H 1
#define HAVE_STRING_H 1
#define HAVE_MEMORY_H 1
#define HAVE_STRINGS_H 1
#define HAVE_INTTYPES_H 1
#define HAVE_STDINT_H 1
#define HAVE_UNISTD_H 1
#define HAVE_DLFCN_H 1
#define LT_OBJDIR ".libs/"
#define HAVE_SSE 1
#define HAVE_INT128 1
#define HAVE_EXECINFO_H 1
#define HAVE_EXT_STDIO_FILEBUF_H 1
#define HAVE_SI_INT 1

configure: exit 0
